<?xml version="1.0" encoding="UTF-8"?>
<!-- Generated by org.testng.reporters.JUnitReportReporter -->
<testsuite skipped="0" hostname="ATMECSINLT-085" name="com.atmecs.jenkins_parameter.testscripts.TestVerifyHeatClinic" tests="2" failures="0" timestamp="13 Nov 2019 15:33:41 GMT" time="53.927" errors="0">
  <testcase name="verifyHeatClinic" time="32.879" classname="com.atmecs.jenkins_parameter.testscripts.TestVerifyHeatClinic"/>
  <testcase name="verifyHeatClinic" time="21.048" classname="com.atmecs.jenkins_parameter.testscripts.TestVerifyHeatClinic"/>
</testsuite> <!-- com.atmecs.jenkins_parameter.testscripts.TestVerifyHeatClinic -->
