<?xml version="1.0" encoding="UTF-8"?>
<!-- Generated by org.testng.reporters.JUnitReportReporter -->
<testsuite skipped="0" hostname="ATMECSINLT-085" name="com.atmecs.jenkins_parameter.testbase.TestNGPrallel" tests="1" failures="0" timestamp="13 Nov 2019 15:33:41 GMT" time="108.253" errors="0">
  <testcase name="xmlsuite" time="108.253" classname="com.atmecs.jenkins_parameter.testbase.TestNGPrallel"/>
</testsuite> <!-- com.atmecs.jenkins_parameter.testbase.TestNGPrallel -->
