<?xml version="1.0" encoding="UTF-8"?>
<!-- Generated by org.testng.reporters.JUnitReportReporter -->
<testsuite skipped="0" hostname="ATMECSINLT-085" name="com.atmecs.jenkins_parameter.testscripts.TestVerifyNinjaStore" tests="2" failures="0" timestamp="13 Nov 2019 15:33:41 GMT" time="120.330" errors="0">
  <testcase name="verifyNinjaStore" time="69.228" classname="com.atmecs.jenkins_parameter.testscripts.TestVerifyNinjaStore"/>
  <testcase name="verifyNinjaStore" time="51.102" classname="com.atmecs.jenkins_parameter.testscripts.TestVerifyNinjaStore"/>
</testsuite> <!-- com.atmecs.jenkins_parameter.testscripts.TestVerifyNinjaStore -->
