<?xml version="1.0" encoding="UTF-8"?>
<!-- Generated by org.testng.reporters.JUnitReportReporter -->
<testsuite hostname="ATMECSINLT-085" failures="0" tests="1" name="com.atmecs.jenkins_parameter.testscripts.TestVerifyHeatClinic" time="12.909" errors="0" timestamp="13 Nov 2019 10:28:48 GMT" skipped="0">
  <testcase classname="com.atmecs.jenkins_parameter.testscripts.TestVerifyHeatClinic" name="verifyHeatClinic" time="12.909"/>
</testsuite> <!-- com.atmecs.jenkins_parameter.testscripts.TestVerifyHeatClinic -->
