<?xml version="1.0" encoding="UTF-8"?>
<!-- Generated by org.testng.reporters.JUnitReportReporter -->
<testsuite hostname="ATMECSINLT-085" failures="0" tests="1" name="com.atmecs.jenkins_parameter.testscripts.TestVerifyNinjaStore" time="51.836" errors="0" timestamp="13 Nov 2019 10:28:47 GMT" skipped="0">
  <testcase classname="com.atmecs.jenkins_parameter.testscripts.TestVerifyNinjaStore" name="verifyNinjaStore" time="51.836"/>
</testsuite> <!-- com.atmecs.jenkins_parameter.testscripts.TestVerifyNinjaStore -->
